[2014-12-16 19:16:00] request.ERROR: Uncaught PHP Exception Symfony\Component\HttpKernel\Exception\NotFoundHttpException: "No route found for "GET /sdfsfs"" at /var/www/html/pistats/app/cache/prod/classes.php line 2406 {"exception":"[object] (Symfony\\Component\\HttpKernel\\Exception\\NotFoundHttpException: No route found for \"GET /sdfsfs\" at /var/www/html/pistats/app/cache/prod/classes.php:2406, Symfony\\Component\\Routing\\Exception\\ResourceNotFoundException:  at /var/www/html/pistats/app/cache/prod/appProdUrlMatcher.php:150)"} []
[2014-12-27 21:09:12] request.INFO: Matched route "vbv_pistats_homepage" (parameters: "_controller": "Vbv\PistatsBundle\Controller\MainController::indexAction", "_route": "vbv_pistats_homepage") [] []
[2014-12-27 21:09:12] security.DEBUG: Read SecurityContext from the session [] []
[2014-12-27 21:09:12] security.DEBUG: Reloading user from user provider. [] []
[2014-12-27 21:09:12] security.DEBUG: Username "vto" was reloaded from user provider. [] []
[2014-12-27 21:09:12] request.CRITICAL: Uncaught PHP Exception InvalidArgumentException: "Doctrine ORM Manager named "crocweb" does not exist." at /var/www/html/pistats/app/cache/prod/classes.php line 7060 {"exception":"[object] (InvalidArgumentException: Doctrine ORM Manager named \"crocweb\" does not exist. at /var/www/html/pistats/app/cache/prod/classes.php:7060)"} []
[2014-12-27 21:09:12] security.DEBUG: Write SecurityContext in the session [] []
[2014-12-27 21:09:18] request.INFO: Matched route "vbv_pistats_homepage" (parameters: "_controller": "Vbv\PistatsBundle\Controller\MainController::indexAction", "_route": "vbv_pistats_homepage") [] []
[2014-12-27 21:09:18] security.DEBUG: Read SecurityContext from the session [] []
[2014-12-27 21:09:18] security.DEBUG: Reloading user from user provider. [] []
[2014-12-27 21:09:18] security.DEBUG: Username "vto" was reloaded from user provider. [] []
[2014-12-27 21:09:18] request.CRITICAL: Uncaught PHP Exception InvalidArgumentException: "Doctrine ORM Manager named "crocweb" does not exist." at /var/www/html/pistats/app/cache/prod/classes.php line 7060 {"exception":"[object] (InvalidArgumentException: Doctrine ORM Manager named \"crocweb\" does not exist. at /var/www/html/pistats/app/cache/prod/classes.php:7060)"} []
[2014-12-27 21:09:18] security.DEBUG: Write SecurityContext in the session [] []
[2014-12-27 21:09:26] request.INFO: Matched route "vbv_pistats_homepage" (parameters: "_controller": "Vbv\PistatsBundle\Controller\MainController::indexAction", "_route": "vbv_pistats_homepage") [] []
[2014-12-27 21:09:26] security.DEBUG: Read SecurityContext from the session [] []
[2014-12-27 21:09:26] security.DEBUG: Reloading user from user provider. [] []
[2014-12-27 21:09:26] security.DEBUG: Username "vto" was reloaded from user provider. [] []
[2014-12-27 21:09:26] request.CRITICAL: Uncaught PHP Exception InvalidArgumentException: "Doctrine ORM Manager named "crocweb" does not exist." at /var/www/html/pistats/app/cache/prod/classes.php line 7060 {"exception":"[object] (InvalidArgumentException: Doctrine ORM Manager named \"crocweb\" does not exist. at /var/www/html/pistats/app/cache/prod/classes.php:7060)"} []
[2014-12-27 21:09:26] security.DEBUG: Write SecurityContext in the session [] []
[2014-12-27 21:09:33] request.INFO: Matched route "vbv_pistats_homepage" (parameters: "_controller": "Vbv\PistatsBundle\Controller\MainController::indexAction", "_route": "vbv_pistats_homepage") [] []
[2014-12-27 21:09:33] security.DEBUG: Read SecurityContext from the session [] []
[2014-12-27 21:09:33] security.DEBUG: Reloading user from user provider. [] []
[2014-12-27 21:09:33] security.DEBUG: Username "vto" was reloaded from user provider. [] []
[2014-12-27 21:09:33] request.CRITICAL: Uncaught PHP Exception InvalidArgumentException: "Doctrine ORM Manager named "crocweb" does not exist." at /var/www/html/pistats/app/cache/prod/classes.php line 7060 {"exception":"[object] (InvalidArgumentException: Doctrine ORM Manager named \"crocweb\" does not exist. at /var/www/html/pistats/app/cache/prod/classes.php:7060)"} []
[2014-12-27 21:09:33] security.DEBUG: Write SecurityContext in the session [] []
[2014-12-27 22:00:44] request.INFO: Matched route "vbv_pistats_homepage" (parameters: "_controller": "Vbv\PistatsBundle\Controller\MainController::indexAction", "_route": "vbv_pistats_homepage") [] []
[2014-12-27 22:00:44] security.DEBUG: Read SecurityContext from the session [] []
[2014-12-27 22:00:44] security.DEBUG: Reloading user from user provider. [] []
[2014-12-27 22:00:44] security.DEBUG: Username "vto" was reloaded from user provider. [] []
[2014-12-27 22:00:45] request.CRITICAL: Uncaught PHP Exception InvalidArgumentException: "Doctrine ORM Manager named "crocweb" does not exist." at /var/www/html/pistats/app/cache/prod/classes.php line 7060 {"exception":"[object] (InvalidArgumentException: Doctrine ORM Manager named \"crocweb\" does not exist. at /var/www/html/pistats/app/cache/prod/classes.php:7060)"} []
[2014-12-27 22:00:45] security.DEBUG: Write SecurityContext in the session [] []
[2014-12-27 22:08:27] request.INFO: Matched route "vbv_pistats_homepage" (parameters: "_controller": "Vbv\PistatsBundle\Controller\MainController::indexAction", "_route": "vbv_pistats_homepage") [] []
[2014-12-27 22:08:27] security.DEBUG: Read SecurityContext from the session [] []
[2014-12-27 22:08:27] security.DEBUG: Reloading user from user provider. [] []
[2014-12-27 22:08:27] security.DEBUG: Username "admin" was reloaded from user provider. [] []
[2014-12-27 22:08:27] request.CRITICAL: Uncaught PHP Exception InvalidArgumentException: "Doctrine ORM Manager named "crocweb" does not exist." at /var/www/html/pistats/app/cache/prod/classes.php line 7060 {"exception":"[object] (InvalidArgumentException: Doctrine ORM Manager named \"crocweb\" does not exist. at /var/www/html/pistats/app/cache/prod/classes.php:7060)"} []
[2014-12-27 22:08:27] security.DEBUG: Write SecurityContext in the session [] []
